<?xml version="1.0" encoding="UTF-8"?>
<!-- Generated by org.testng.reporters.JUnitReportReporter -->
<testsuite skipped="0" hostname="mujeeb" name="demo.Zomato_001Test" tests="1" failures="0" timestamp="2023-01-19T16:03:03 IST" time="63.774" errors="0">
  <testcase name="zomato" time="63.774" classname="demo.Zomato_001Test"/>
  <system-out/>
</testsuite> <!-- demo.Zomato_001Test -->
